{"/Users/admin/Documents/FPT/FE/src/views/Home/Home.js": {"path":"/Users/admin/Documents/FPT/FE/src/views/Home/Home.js","statementMap":{"0":{"start":{"line":10,"column":21},"end":{"line":10,"column":26}},"1":{"start":{"line":12,"column":13},"end":{"line":193,"column":1}},"2":{"start":{"line":13,"column":27},"end":{"line":13,"column":51}},"3":{"start":{"line":14,"column":33},"end":{"line":14,"column":49}},"4":{"start":{"line":15,"column":22},"end":{"line":15,"column":45}},"5":{"start":{"line":16,"column":30},"end":{"line":16,"column":41}},"6":{"start":{"line":18,"column":34},"end":{"line":18,"column":46}},"7":{"start":{"line":19,"column":40},"end":{"line":19,"column":55}},"8":{"start":{"line":20,"column":26},"end":{"line":20,"column":38}},"9":{"start":{"line":21,"column":34},"end":{"line":21,"column":48}},"10":{"start":{"line":22,"column":32},"end":{"line":22,"column":46}},"11":{"start":{"line":24,"column":2},"end":{"line":26,"column":9}},"12":{"start":{"line":25,"column":4},"end":{"line":25,"column":16}},"13":{"start":{"line":28,"column":20},"end":{"line":33,"column":3}},"14":{"start":{"line":29,"column":4},"end":{"line":32,"column":22}},"15":{"start":{"line":30,"column":18},"end":{"line":30,"column":35}},"16":{"start":{"line":31,"column":6},"end":{"line":31,"column":28}},"17":{"start":{"line":35,"column":20},"end":{"line":43,"column":3}},"18":{"start":{"line":36,"column":4},"end":{"line":42,"column":5}},"19":{"start":{"line":37,"column":6},"end":{"line":37,"column":54}},"20":{"start":{"line":39,"column":6},"end":{"line":39,"column":18}},"21":{"start":{"line":40,"column":6},"end":{"line":40,"column":24}},"22":{"start":{"line":41,"column":6},"end":{"line":41,"column":27}},"23":{"start":{"line":44,"column":19},"end":{"line":46,"column":3}},"24":{"start":{"line":45,"column":4},"end":{"line":45,"column":26}},"25":{"start":{"line":48,"column":19},"end":{"line":59,"column":3}},"26":{"start":{"line":49,"column":17},"end":{"line":49,"column":76}},"27":{"start":{"line":50,"column":4},"end":{"line":58,"column":5}},"28":{"start":{"line":51,"column":18},"end":{"line":51,"column":119}},"29":{"start":{"line":52,"column":6},"end":{"line":52,"column":35}},"30":{"start":{"line":53,"column":6},"end":{"line":53,"column":28}},"31":{"start":{"line":54,"column":6},"end":{"line":54,"column":18}},"32":{"start":{"line":56,"column":6},"end":{"line":56,"column":34}},"33":{"start":{"line":57,"column":6},"end":{"line":57,"column":35}},"34":{"start":{"line":61,"column":25},"end":{"line":63,"column":3}},"35":{"start":{"line":62,"column":4},"end":{"line":62,"column":38}},"36":{"start":{"line":65,"column":19},"end":{"line":69,"column":3}},"37":{"start":{"line":66,"column":4},"end":{"line":66,"column":18}},"38":{"start":{"line":67,"column":4},"end":{"line":67,"column":25}},"39":{"start":{"line":68,"column":4},"end":{"line":68,"column":23}},"40":{"start":{"line":71,"column":23},"end":{"line":73,"column":3}},"41":{"start":{"line":72,"column":4},"end":{"line":72,"column":33}},"42":{"start":{"line":75,"column":2},"end":{"line":192,"column":4}},"43":{"start":{"line":105,"column":22},"end":{"line":107,"column":23}},"44":{"start":{"line":106,"column":24},"end":{"line":106,"column":79}},"45":{"start":{"line":113,"column":18},"end":{"line":141,"column":21}},"46":{"start":{"line":115,"column":22},"end":{"line":133,"column":34}},"47":{"start":{"line":132,"column":115},"end":{"line":132,"column":133}},"48":{"start":{"line":136,"column":59},"end":{"line":136,"column":64}},"49":{"start":{"line":147,"column":18},"end":{"line":151,"column":20}},"50":{"start":{"line":148,"column":110},"end":{"line":148,"column":127}},"51":{"start":{"line":170,"column":14},"end":{"line":183,"column":26}},"52":{"start":{"line":170,"column":40},"end":{"line":170,"column":53}},"53":{"start":{"line":176,"column":88},"end":{"line":176,"column":102}},"54":{"start":{"line":195,"column":0},"end":{"line":195,"column":20}}},"fnMap":{"0":{"name":"(anonymous_0)","decl":{"start":{"line":12,"column":13},"end":{"line":12,"column":14}},"loc":{"start":{"line":12,"column":24},"end":{"line":193,"column":1}},"line":12},"1":{"name":"(anonymous_1)","decl":{"start":{"line":24,"column":20},"end":{"line":24,"column":21}},"loc":{"start":{"line":24,"column":26},"end":{"line":26,"column":3}},"line":24},"2":{"name":"(anonymous_2)","decl":{"start":{"line":28,"column":20},"end":{"line":28,"column":21}},"loc":{"start":{"line":28,"column":32},"end":{"line":33,"column":3}},"line":28},"3":{"name":"(anonymous_3)","decl":{"start":{"line":35,"column":20},"end":{"line":35,"column":21}},"loc":{"start":{"line":35,"column":26},"end":{"line":43,"column":3}},"line":35},"4":{"name":"(anonymous_4)","decl":{"start":{"line":44,"column":19},"end":{"line":44,"column":20}},"loc":{"start":{"line":44,"column":25},"end":{"line":46,"column":3}},"line":44},"5":{"name":"(anonymous_5)","decl":{"start":{"line":48,"column":19},"end":{"line":48,"column":20}},"loc":{"start":{"line":48,"column":37},"end":{"line":59,"column":3}},"line":48},"6":{"name":"(anonymous_6)","decl":{"start":{"line":61,"column":25},"end":{"line":61,"column":26}},"loc":{"start":{"line":61,"column":40},"end":{"line":63,"column":3}},"line":61},"7":{"name":"(anonymous_7)","decl":{"start":{"line":65,"column":19},"end":{"line":65,"column":20}},"loc":{"start":{"line":65,"column":29},"end":{"line":69,"column":3}},"line":65},"8":{"name":"(anonymous_8)","decl":{"start":{"line":71,"column":23},"end":{"line":71,"column":24}},"loc":{"start":{"line":71,"column":32},"end":{"line":73,"column":3}},"line":71},"9":{"name":"(anonymous_9)","decl":{"start":{"line":104,"column":31},"end":{"line":104,"column":32}},"loc":{"start":{"line":104,"column":51},"end":{"line":108,"column":21}},"line":104},"10":{"name":"(anonymous_10)","decl":{"start":{"line":112,"column":17},"end":{"line":112,"column":18}},"loc":{"start":{"line":113,"column":18},"end":{"line":141,"column":21}},"line":113},"11":{"name":"(anonymous_11)","decl":{"start":{"line":114,"column":32},"end":{"line":114,"column":33}},"loc":{"start":{"line":115,"column":22},"end":{"line":133,"column":34}},"line":115},"12":{"name":"(anonymous_12)","decl":{"start":{"line":132,"column":109},"end":{"line":132,"column":110}},"loc":{"start":{"line":132,"column":115},"end":{"line":132,"column":133}},"line":132},"13":{"name":"(anonymous_13)","decl":{"start":{"line":136,"column":53},"end":{"line":136,"column":54}},"loc":{"start":{"line":136,"column":59},"end":{"line":136,"column":64}},"line":136},"14":{"name":"(anonymous_14)","decl":{"start":{"line":146,"column":32},"end":{"line":146,"column":33}},"loc":{"start":{"line":146,"column":49},"end":{"line":152,"column":17}},"line":146},"15":{"name":"(anonymous_15)","decl":{"start":{"line":148,"column":101},"end":{"line":148,"column":102}},"loc":{"start":{"line":148,"column":110},"end":{"line":148,"column":127}},"line":148},"16":{"name":"(anonymous_16)","decl":{"start":{"line":169,"column":24},"end":{"line":169,"column":25}},"loc":{"start":{"line":170,"column":14},"end":{"line":183,"column":26}},"line":170},"17":{"name":"(anonymous_17)","decl":{"start":{"line":170,"column":34},"end":{"line":170,"column":35}},"loc":{"start":{"line":170,"column":40},"end":{"line":170,"column":53}},"line":170},"18":{"name":"(anonymous_18)","decl":{"start":{"line":176,"column":82},"end":{"line":176,"column":83}},"loc":{"start":{"line":176,"column":88},"end":{"line":176,"column":102}},"line":176}},"branchMap":{"0":{"loc":{"start":{"line":36,"column":4},"end":{"line":42,"column":5}},"type":"if","locations":[{"start":{"line":36,"column":4},"end":{"line":42,"column":5}},{"start":{"line":38,"column":11},"end":{"line":42,"column":5}}],"line":36},"1":{"loc":{"start":{"line":51,"column":18},"end":{"line":51,"column":119}},"type":"cond-expr","locations":[{"start":{"line":51,"column":29},"end":{"line":51,"column":78}},{"start":{"line":51,"column":81},"end":{"line":51,"column":119}}],"line":51},"2":{"loc":{"start":{"line":99,"column":13},"end":{"line":154,"column":13}},"type":"cond-expr","locations":[{"start":{"line":100,"column":14},"end":{"line":143,"column":26}},{"start":{"line":145,"column":14},"end":{"line":153,"column":28}}],"line":99},"3":{"loc":{"start":{"line":105,"column":22},"end":{"line":107,"column":23}},"type":"if","locations":[{"start":{"line":105,"column":22},"end":{"line":107,"column":23}},{"start":{},"end":{}}],"line":105},"4":{"loc":{"start":{"line":105,"column":26},"end":{"line":105,"column":52}},"type":"binary-expr","locations":[{"start":{"line":105,"column":26},"end":{"line":105,"column":32}},{"start":{"line":105,"column":36},"end":{"line":105,"column":52}}],"line":105},"5":{"loc":{"start":{"line":115,"column":40},"end":{"line":115,"column":68}},"type":"cond-expr","locations":[{"start":{"line":115,"column":54},"end":{"line":115,"column":63}},{"start":{"line":115,"column":66},"end":{"line":115,"column":68}}],"line":115},"6":{"loc":{"start":{"line":132,"column":25},"end":{"line":132,"column":144}},"type":"cond-expr","locations":[{"start":{"line":132,"column":45},"end":{"line":132,"column":137}},{"start":{"line":132,"column":140},"end":{"line":132,"column":144}}],"line":132}},"s":{"0":1,"1":1,"2":2,"3":1,"4":1,"5":1,"6":1,"7":1,"8":1,"9":1,"10":1,"11":1,"12":0,"13":1,"14":0,"15":0,"16":0,"17":1,"18":0,"19":0,"20":0,"21":0,"22":0,"23":1,"24":0,"25":1,"26":0,"27":0,"28":0,"29":0,"30":0,"31":0,"32":0,"33":0,"34":1,"35":0,"36":1,"37":0,"38":0,"39":0,"40":1,"41":0,"42":1,"43":0,"44":0,"45":0,"46":0,"47":0,"48":0,"49":0,"50":0,"51":0,"52":0,"53":0,"54":1},"f":{"0":2,"1":0,"2":0,"3":0,"4":0,"5":0,"6":0,"7":0,"8":0,"9":0,"10":0,"11":0,"12":0,"13":0,"14":0,"15":0,"16":0,"17":0,"18":0},"b":{"0":[0,0],"1":[0,0],"2":[1,0],"3":[0,0],"4":[0,0],"5":[0,0],"6":[0,0]},"_coverageSchema":"1a1c01bbd47fc00a2c39e90264f33305004495a9","hash":"01b2e1f18469c41a32cb9f5bc3f58cd005262a3c"}
}
